[debug] [2022-05-29T18:54:00.617Z] ----------------------------------------------------------------------
[debug] [2022-05-29T18:54:00.644Z] Command:       C:\Program Files\nodejs\node.exe C:\Users\RONI\AppData\Roaming\npm\node_modules\firebase-tools\lib\bin\firebase.js deploy
[debug] [2022-05-29T18:54:00.652Z] CLI Version:   11.0.1
[debug] [2022-05-29T18:54:00.653Z] Platform:      win32
[debug] [2022-05-29T18:54:00.654Z] Node Version:  v16.14.2
[debug] [2022-05-29T18:54:00.765Z] Time:          Mon May 30 2022 00:54:00 GMT+0600 (Bangladesh Standard Time)
[debug] [2022-05-29T18:54:00.768Z] ----------------------------------------------------------------------
[debug] 
[debug] [2022-05-29T18:54:00.802Z] >>> [apiv2][query] GET https://firebase-public.firebaseio.com/cli.json [none]
[debug] [2022-05-29T18:54:01.619Z] > command requires scopes: ["email","openid","https://www.googleapis.com/auth/cloudplatformprojects.readonly","https://www.googleapis.com/auth/firebase","https://www.googleapis.com/auth/cloud-platform"]
[debug] [2022-05-29T18:54:01.622Z] > authorizing via signed-in user (azirulislam27@gmail.com)
[debug] [2022-05-29T18:54:01.623Z] [iam] checking project your-doctor-e38b1 for permissions ["firebase.projects.get","firebasehosting.sites.update"]
[debug] [2022-05-29T18:54:01.632Z] > refreshing access token with scopes: []
[debug] [2022-05-29T18:54:01.636Z] >>> HTTP REQUEST POST https://www.googleapis.com/oauth2/v3/token  
 <request body omitted>
[debug] [2022-05-29T18:54:05.240Z] <<< HTTP RESPONSE 200 {"expires":"Mon, 01 Jan 1990 00:00:00 GMT","date":"Sun, 29 May 2022 18:54:02 GMT","pragma":"no-cache","cache-control":"no-cache, no-store, max-age=0, must-revalidate","content-type":"application/json; charset=utf-8","vary":"X-Origin, Referer, Origin,Accept-Encoding","server":"scaffolding on HTTPServer2","x-xss-protection":"0","x-frame-options":"SAMEORIGIN","x-content-type-options":"nosniff","alt-svc":"h3=\":443\"; ma=2592000,h3-29=\":443\"; ma=2592000,h3-Q050=\":443\"; ma=2592000,h3-Q046=\":443\"; ma=2592000,h3-Q043=\":443\"; ma=2592000,quic=\":443\"; ma=2592000; v=\"46,43\"","accept-ranges":"none","transfer-encoding":"chunked"}
[debug] [2022-05-29T18:54:05.349Z] >>> [apiv2][query] POST https://cloudresourcemanager.googleapis.com/v1/projects/your-doctor-e38b1:testIamPermissions [none]
[debug] [2022-05-29T18:54:05.351Z] >>> [apiv2][body] POST https://cloudresourcemanager.googleapis.com/v1/projects/your-doctor-e38b1:testIamPermissions {"permissions":["firebase.projects.get","firebasehosting.sites.update"]}
[debug] [2022-05-29T18:54:06.029Z] <<< [apiv2][status] GET https://firebase-public.firebaseio.com/cli.json 200
[debug] [2022-05-29T18:54:06.030Z] <<< [apiv2][body] GET https://firebase-public.firebaseio.com/cli.json {"cloudBuildErrorAfter":1594252800000,"cloudBuildWarnAfter":1590019200000,"defaultNode10After":1594252800000,"minVersion":"3.0.5","node8DeploysDisabledAfter":1613390400000,"node8RuntimeDisabledAfter":1615809600000,"node8WarnAfter":1600128000000}
[debug] [2022-05-29T18:54:10.404Z] <<< [apiv2][status] POST https://cloudresourcemanager.googleapis.com/v1/projects/your-doctor-e38b1:testIamPermissions 200
[debug] [2022-05-29T18:54:10.405Z] <<< [apiv2][body] POST https://cloudresourcemanager.googleapis.com/v1/projects/your-doctor-e38b1:testIamPermissions {"permissions":["firebase.projects.get","firebasehosting.sites.update"]}
[debug] [2022-05-29T18:54:10.416Z] >>> [apiv2][query] GET https://firebase.googleapis.com/v1beta1/projects/your-doctor-e38b1 [none]
[debug] [2022-05-29T18:54:12.264Z] <<< [apiv2][status] GET https://firebase.googleapis.com/v1beta1/projects/your-doctor-e38b1 200
[debug] [2022-05-29T18:54:12.265Z] <<< [apiv2][body] GET https://firebase.googleapis.com/v1beta1/projects/your-doctor-e38b1 {"projectId":"your-doctor-e38b1","projectNumber":"1016783033049","displayName":"your-doctor","name":"projects/your-doctor-e38b1","resources":{"hostingSite":"your-doctor-e38b1"},"state":"ACTIVE"}
[info] 
[info] === Deploying to 'your-doctor-e38b1'...
[info] 
[info] i  deploying hosting 
[debug] [2022-05-29T18:54:12.302Z] >>> [apiv2][query] GET https://firebase.googleapis.com/v1beta1/projects/your-doctor-e38b1 [none]
[debug] [2022-05-29T18:54:17.902Z] <<< [apiv2][status] GET https://firebase.googleapis.com/v1beta1/projects/your-doctor-e38b1 200
[debug] [2022-05-29T18:54:17.903Z] <<< [apiv2][body] GET https://firebase.googleapis.com/v1beta1/projects/your-doctor-e38b1 {"projectId":"your-doctor-e38b1","projectNumber":"1016783033049","displayName":"your-doctor","name":"projects/your-doctor-e38b1","resources":{"hostingSite":"your-doctor-e38b1"},"state":"ACTIVE"}
[debug] [2022-05-29T18:54:17.918Z] >>> [apiv2][query] POST https://firebasehosting.googleapis.com/v1beta1/projects/1016783033049/sites/your-doctor-e38b1/versions [none]
[debug] [2022-05-29T18:54:17.919Z] >>> [apiv2][body] POST https://firebasehosting.googleapis.com/v1beta1/projects/1016783033049/sites/your-doctor-e38b1/versions {"config":{"rewrites":[{"glob":"**","path":"/index.html"}]},"labels":{"deployment-tool":"cli-firebase"}}
[debug] [2022-05-29T18:54:20.237Z] <<< [apiv2][status] POST https://firebasehosting.googleapis.com/v1beta1/projects/1016783033049/sites/your-doctor-e38b1/versions 200
[debug] [2022-05-29T18:54:20.238Z] <<< [apiv2][body] POST https://firebasehosting.googleapis.com/v1beta1/projects/1016783033049/sites/your-doctor-e38b1/versions {"name":"projects/1016783033049/sites/your-doctor-e38b1/versions/c67d6d157f5c267b","status":"CREATED","config":{"rewrites":[{"glob":"**","path":"/index.html"}]},"labels":{"deployment-tool":"cli-firebase"}}
[info] i  hosting[your-doctor-e38b1]: beginning deploy... 
[info] i  hosting[your-doctor-e38b1]: found 18 files in build 
[debug] [2022-05-29T18:54:20.345Z] [hosting] uploading with 200 concurrency
[debug] [2022-05-29T18:54:21.686Z] [hosting] hash cache [YnVpbGQ] stored for 18 files
[debug] [2022-05-29T18:54:21.690Z] [hosting][hash queue][FINAL] {"max":1251,"min":39,"avg":219.11111111111111,"active":0,"complete":18,"success":18,"errored":0,"retried":0,"total":18,"elapsed":1321}
[debug] [2022-05-29T18:54:21.692Z] >>> [apiv2][query] POST https://firebasehosting.googleapis.com/v1beta1/projects/1016783033049/sites/your-doctor-e38b1/versions/c67d6d157f5c267b:populateFiles [none]
[debug] [2022-05-29T18:54:21.693Z] >>> [apiv2][body] POST https://firebasehosting.googleapis.com/v1beta1/projects/1016783033049/sites/your-doctor-e38b1/versions/c67d6d157f5c267b:populateFiles {"files":{"/favicon.ico":"eae62e993eb980ec8a25058c39d5a51feab118bd2100c4deebb2a9c158ec11f9","/logo192.png":"3ee59515172ee198f3be375979df15ac5345183e656720a381b8872b2a39dc8b","/logo512.png":"ee7e2f3fdb8209c4b6fd7bef6ba50d1b9dba30a25bb5c3126df057e1cb6f5331","/manifest.json":"aff3449bdc238776f5d6d967f19ec491b36aed5fb7f23ccff6500736fd58494a","/products.json":"2a5a54ffbc0f0dee0ea28469019fdcf8a900ec1a3157aa7336ad9a6c95610975","/robots.txt":"bfe106a3fb878dc83461c86818bf74fc1bdc7f28538ba613cd3e775516ce8b49","/asset-manifest.json":"3e61d68c729c026a9cfcd1f567fa5d8648b4b6ab117dcd694cb71662f79d8c8f","/index.html":"021f77c7321b6f31094165953c71c8ff713ac3ad8ccb94d9917d70a1d50d3d99","/static/css/main.ddfdbb8d.css":"5b2cb0c550dac78004c46431922f4c74dd1524e2d13b8b9d178891fb41f45b98","/static/css/main.ddfdbb8d.css.map":"73cff51f0cfa8e2cbfccc066803279b59f2401aaea2a0450fed119cec67bf784","/static/js/787.04ac1a66.chunk.js":"8385c3d78b980d8c0cbb2b37e50744491a592d1be6cfe7f1024b55794d4db922","/static/js/787.04ac1a66.chunk.js.map":"f70cde5945b5ebe7fcb758b14b71840632e7da07c7ab3b75d45b11022fa8f63e","/static/js/main.2bd12b15.js.LICENSE.txt":"980850d0c97fc4da1718320dcc140b4bafb239b14275f3a5d9640098e064ab8a","/static/media/car3.e470172ca2388f98917b.jpg":"e0bffffd268120159f19172657414c6da2c14cff3402440577dffea45b02907c","/static/media/car1.f6d16ac87b679f215291.jpg":"0d829a9e4c0951d7142cdeb78a01c83c5904984e156f5306612d5362c677cce8","/static/media/car2.0507809754d0b78f8cf9.jpg":"8227139cce7ed21cfd6b90a4b23246906274b75e3b74ee885e00c1254f96bf58","/static/js/main.2bd12b15.js":"a4ad7d43fd4c4ff8bdfafe07357dab1a1521933e698046d90f40bb82cd8e5fa6","/static/js/main.2bd12b15.js.map":"027c5f0159550768a112c666bef8cfd1167b12e438b00c4e4aa1a278abbc607f"}}
[debug] [2022-05-29T18:54:23.709Z] <<< [apiv2][status] POST https://firebasehosting.googleapis.com/v1beta1/projects/1016783033049/sites/your-doctor-e38b1/versions/c67d6d157f5c267b:populateFiles 200
[debug] [2022-05-29T18:54:23.710Z] <<< [apiv2][body] POST https://firebasehosting.googleapis.com/v1beta1/projects/1016783033049/sites/your-doctor-e38b1/versions/c67d6d157f5c267b:populateFiles {"uploadRequiredHashes":["5b2cb0c550dac78004c46431922f4c74dd1524e2d13b8b9d178891fb41f45b98","021f77c7321b6f31094165953c71c8ff713ac3ad8ccb94d9917d70a1d50d3d99","a4ad7d43fd4c4ff8bdfafe07357dab1a1521933e698046d90f40bb82cd8e5fa6","027c5f0159550768a112c666bef8cfd1167b12e438b00c4e4aa1a278abbc607f","3e61d68c729c026a9cfcd1f567fa5d8648b4b6ab117dcd694cb71662f79d8c8f","73cff51f0cfa8e2cbfccc066803279b59f2401aaea2a0450fed119cec67bf784"],"uploadUrl":"https://upload-firebasehosting.googleapis.com/upload/sites/your-doctor-e38b1/versions/c67d6d157f5c267b/files"}
[debug] [2022-05-29T18:54:23.724Z] >>> [apiv2][query] POST https://upload-firebasehosting.googleapis.com/upload/sites/your-doctor-e38b1/versions/c67d6d157f5c267b/files/5b2cb0c550dac78004c46431922f4c74dd1524e2d13b8b9d178891fb41f45b98 [none]
[debug] [2022-05-29T18:54:23.725Z] >>> [apiv2][body] POST https://upload-firebasehosting.googleapis.com/upload/sites/your-doctor-e38b1/versions/c67d6d157f5c267b/files/5b2cb0c550dac78004c46431922f4c74dd1524e2d13b8b9d178891fb41f45b98 [stream]
[debug] [2022-05-29T18:54:23.733Z] >>> [apiv2][query] POST https://upload-firebasehosting.googleapis.com/upload/sites/your-doctor-e38b1/versions/c67d6d157f5c267b/files/021f77c7321b6f31094165953c71c8ff713ac3ad8ccb94d9917d70a1d50d3d99 [none]
[debug] [2022-05-29T18:54:23.734Z] >>> [apiv2][body] POST https://upload-firebasehosting.googleapis.com/upload/sites/your-doctor-e38b1/versions/c67d6d157f5c267b/files/021f77c7321b6f31094165953c71c8ff713ac3ad8ccb94d9917d70a1d50d3d99 [stream]
[debug] [2022-05-29T18:54:23.744Z] >>> [apiv2][query] POST https://upload-firebasehosting.googleapis.com/upload/sites/your-doctor-e38b1/versions/c67d6d157f5c267b/files/a4ad7d43fd4c4ff8bdfafe07357dab1a1521933e698046d90f40bb82cd8e5fa6 [none]
[debug] [2022-05-29T18:54:23.745Z] >>> [apiv2][body] POST https://upload-firebasehosting.googleapis.com/upload/sites/your-doctor-e38b1/versions/c67d6d157f5c267b/files/a4ad7d43fd4c4ff8bdfafe07357dab1a1521933e698046d90f40bb82cd8e5fa6 [stream]
[debug] [2022-05-29T18:54:23.751Z] >>> [apiv2][query] POST https://upload-firebasehosting.googleapis.com/upload/sites/your-doctor-e38b1/versions/c67d6d157f5c267b/files/027c5f0159550768a112c666bef8cfd1167b12e438b00c4e4aa1a278abbc607f [none]
[debug] [2022-05-29T18:54:23.751Z] >>> [apiv2][body] POST https://upload-firebasehosting.googleapis.com/upload/sites/your-doctor-e38b1/versions/c67d6d157f5c267b/files/027c5f0159550768a112c666bef8cfd1167b12e438b00c4e4aa1a278abbc607f [stream]
[debug] [2022-05-29T18:54:23.760Z] >>> [apiv2][query] POST https://upload-firebasehosting.googleapis.com/upload/sites/your-doctor-e38b1/versions/c67d6d157f5c267b/files/3e61d68c729c026a9cfcd1f567fa5d8648b4b6ab117dcd694cb71662f79d8c8f [none]
[debug] [2022-05-29T18:54:23.760Z] >>> [apiv2][body] POST https://upload-firebasehosting.googleapis.com/upload/sites/your-doctor-e38b1/versions/c67d6d157f5c267b/files/3e61d68c729c026a9cfcd1f567fa5d8648b4b6ab117dcd694cb71662f79d8c8f [stream]
[debug] [2022-05-29T18:54:23.766Z] >>> [apiv2][query] POST https://upload-firebasehosting.googleapis.com/upload/sites/your-doctor-e38b1/versions/c67d6d157f5c267b/files/73cff51f0cfa8e2cbfccc066803279b59f2401aaea2a0450fed119cec67bf784 [none]
[debug] [2022-05-29T18:54:23.766Z] >>> [apiv2][body] POST https://upload-firebasehosting.googleapis.com/upload/sites/your-doctor-e38b1/versions/c67d6d157f5c267b/files/73cff51f0cfa8e2cbfccc066803279b59f2401aaea2a0450fed119cec67bf784 [stream]
[debug] [2022-05-29T18:54:23.774Z] [hosting][populate queue][FINAL] {"max":2047,"min":2047,"avg":2047,"active":0,"complete":1,"success":1,"errored":0,"retried":0,"total":1,"elapsed":2097}
[debug] [2022-05-29T18:54:23.777Z] [hosting] uploads queued: 6
[debug] [2022-05-29T18:54:27.577Z] <<< [apiv2][status] POST https://upload-firebasehosting.googleapis.com/upload/sites/your-doctor-e38b1/versions/c67d6d157f5c267b/files/021f77c7321b6f31094165953c71c8ff713ac3ad8ccb94d9917d70a1d50d3d99 200
[debug] [2022-05-29T18:54:27.578Z] <<< [apiv2][body] POST https://upload-firebasehosting.googleapis.com/upload/sites/your-doctor-e38b1/versions/c67d6d157f5c267b/files/021f77c7321b6f31094165953c71c8ff713ac3ad8ccb94d9917d70a1d50d3d99 [stream]
[debug] [2022-05-29T18:54:28.799Z] <<< [apiv2][status] POST https://upload-firebasehosting.googleapis.com/upload/sites/your-doctor-e38b1/versions/c67d6d157f5c267b/files/027c5f0159550768a112c666bef8cfd1167b12e438b00c4e4aa1a278abbc607f 200
[debug] [2022-05-29T18:54:28.800Z] <<< [apiv2][body] POST https://upload-firebasehosting.googleapis.com/upload/sites/your-doctor-e38b1/versions/c67d6d157f5c267b/files/027c5f0159550768a112c666bef8cfd1167b12e438b00c4e4aa1a278abbc607f [stream]
[debug] [2022-05-29T18:54:30.108Z] <<< [apiv2][status] POST https://upload-firebasehosting.googleapis.com/upload/sites/your-doctor-e38b1/versions/c67d6d157f5c267b/files/73cff51f0cfa8e2cbfccc066803279b59f2401aaea2a0450fed119cec67bf784 200
[debug] [2022-05-29T18:54:30.109Z] <<< [apiv2][body] POST https://upload-firebasehosting.googleapis.com/upload/sites/your-doctor-e38b1/versions/c67d6d157f5c267b/files/73cff51f0cfa8e2cbfccc066803279b59f2401aaea2a0450fed119cec67bf784 [stream]
[debug] [2022-05-29T18:54:30.294Z] <<< [apiv2][status] POST https://upload-firebasehosting.googleapis.com/upload/sites/your-doctor-e38b1/versions/c67d6d157f5c267b/files/5b2cb0c550dac78004c46431922f4c74dd1524e2d13b8b9d178891fb41f45b98 200
[debug] [2022-05-29T18:54:30.295Z] <<< [apiv2][body] POST https://upload-firebasehosting.googleapis.com/upload/sites/your-doctor-e38b1/versions/c67d6d157f5c267b/files/5b2cb0c550dac78004c46431922f4c74dd1524e2d13b8b9d178891fb41f45b98 [stream]
[debug] [2022-05-29T18:54:30.334Z] <<< [apiv2][status] POST https://upload-firebasehosting.googleapis.com/upload/sites/your-doctor-e38b1/versions/c67d6d157f5c267b/files/3e61d68c729c026a9cfcd1f567fa5d8648b4b6ab117dcd694cb71662f79d8c8f 200
[debug] [2022-05-29T18:54:30.335Z] <<< [apiv2][body] POST https://upload-firebasehosting.googleapis.com/upload/sites/your-doctor-e38b1/versions/c67d6d157f5c267b/files/3e61d68c729c026a9cfcd1f567fa5d8648b4b6ab117dcd694cb71662f79d8c8f [stream]
[debug] [2022-05-29T18:54:32.535Z] <<< [apiv2][status] POST https://upload-firebasehosting.googleapis.com/upload/sites/your-doctor-e38b1/versions/c67d6d157f5c267b/files/a4ad7d43fd4c4ff8bdfafe07357dab1a1521933e698046d90f40bb82cd8e5fa6 200
[debug] [2022-05-29T18:54:32.536Z] <<< [apiv2][body] POST https://upload-firebasehosting.googleapis.com/upload/sites/your-doctor-e38b1/versions/c67d6d157f5c267b/files/a4ad7d43fd4c4ff8bdfafe07357dab1a1521933e698046d90f40bb82cd8e5fa6 [stream]
[debug] [2022-05-29T18:54:32.537Z] [hosting][upload queue][FINAL] {"max":8821,"min":3864,"avg":6227.166666666667,"active":0,"complete":6,"success":6,"errored":0,"retried":0,"total":6,"elapsed":8826}
[info] +  hosting[your-doctor-e38b1]: file upload complete 
[debug] [2022-05-29T18:54:32.570Z] [hosting] deploy completed after 12326ms
[debug] [2022-05-29T18:54:32.588Z] [
  {
    "config": {
      "public": "build",
      "ignore": [
        "firebase.json",
        "**/.*",
        "**/node_modules/**"
      ],
      "rewrites": [
        {
          "source": "**",
          "destination": "/index.html"
        }
      ],
      "site": "your-doctor-e38b1"
    },
    "site": "your-doctor-e38b1",
    "version": "projects/1016783033049/sites/your-doctor-e38b1/versions/c67d6d157f5c267b"
  }
]
[info] i  hosting[your-doctor-e38b1]: finalizing version... 
[debug] [2022-05-29T18:54:32.598Z] >>> [apiv2][query] PATCH https://firebasehosting.googleapis.com/v1beta1/projects/1016783033049/sites/your-doctor-e38b1/versions/c67d6d157f5c267b updateMask=status%2Cconfig
[debug] [2022-05-29T18:54:32.599Z] >>> [apiv2][body] PATCH https://firebasehosting.googleapis.com/v1beta1/projects/1016783033049/sites/your-doctor-e38b1/versions/c67d6d157f5c267b {"status":"FINALIZED","config":{"rewrites":[{"glob":"**","path":"/index.html"}]}}
[debug] [2022-05-29T18:54:34.506Z] <<< [apiv2][status] PATCH https://firebasehosting.googleapis.com/v1beta1/projects/1016783033049/sites/your-doctor-e38b1/versions/c67d6d157f5c267b 200
[debug] [2022-05-29T18:54:34.507Z] <<< [apiv2][body] PATCH https://firebasehosting.googleapis.com/v1beta1/projects/1016783033049/sites/your-doctor-e38b1/versions/c67d6d157f5c267b {"name":"projects/1016783033049/sites/your-doctor-e38b1/versions/c67d6d157f5c267b","status":"FINALIZED","config":{"rewrites":[{"glob":"**","path":"/index.html"}]},"labels":{"deployment-tool":"cli-firebase"},"createTime":"2022-05-29T18:54:18.879936Z","createUser":{"email":"azirulislam27@gmail.com"},"finalizeTime":"2022-05-29T18:54:33.411975Z","finalizeUser":{"email":"azirulislam27@gmail.com"}}
[debug] [2022-05-29T18:54:34.508Z] [hosting] finalized version for your-doctor-e38b1:[object Object]
[info] +  hosting[your-doctor-e38b1]: version finalized 
[info] i  hosting[your-doctor-e38b1]: releasing new version... 
[debug] [2022-05-29T18:54:34.520Z] >>> [apiv2][query] POST https://firebasehosting.googleapis.com/v1beta1/projects/1016783033049/sites/your-doctor-e38b1/releases versionName=projects%2F1016783033049%2Fsites%2Fyour-doctor-e38b1%2Fversions%2Fc67d6d157f5c267b
[debug] [2022-05-29T18:54:34.521Z] >>> [apiv2][body] POST https://firebasehosting.googleapis.com/v1beta1/projects/1016783033049/sites/your-doctor-e38b1/releases {"message":null}
[debug] [2022-05-29T18:54:37.092Z] <<< [apiv2][status] POST https://firebasehosting.googleapis.com/v1beta1/projects/1016783033049/sites/your-doctor-e38b1/releases 200
[debug] [2022-05-29T18:54:37.093Z] <<< [apiv2][body] POST https://firebasehosting.googleapis.com/v1beta1/projects/1016783033049/sites/your-doctor-e38b1/releases {"name":"projects/1016783033049/sites/your-doctor-e38b1/releases/1653850474925432","version":{"name":"projects/1016783033049/sites/your-doctor-e38b1/versions/c67d6d157f5c267b","status":"FINALIZED","config":{"rewrites":[{"glob":"**","path":"/index.html"}]},"labels":{"deployment-tool":"cli-firebase"},"createTime":"2022-05-29T18:54:18.879936Z","createUser":{"email":"azirulislam27@gmail.com","imageUrl":"https://lh3.googleusercontent.com/a-/AOh14GiYiVMuRAaPrlicU_ctLdANXargTl7cqfsnQeQ3"},"finalizeTime":"2022-05-29T18:54:33.411975Z","finalizeUser":{"email":"azirulislam27@gmail.com","imageUrl":"https://lh3.googleusercontent.com/a-/AOh14GiYiVMuRAaPrlicU_ctLdANXargTl7cqfsnQeQ3"}},"type":"DEPLOY","releaseTime":"2022-05-29T18:54:34.925432501Z","releaseUser":{"email":"azirulislam27@gmail.com","imageUrl":"https://lh3.googleusercontent.com/a-/AOh14GiYiVMuRAaPrlicU_ctLdANXargTl7cqfsnQeQ3"}}
[debug] [2022-05-29T18:54:37.094Z] [hosting] release: {"name":"projects/1016783033049/sites/your-doctor-e38b1/releases/1653850474925432","version":{"name":"projects/1016783033049/sites/your-doctor-e38b1/versions/c67d6d157f5c267b","status":"FINALIZED","config":{"rewrites":[{"glob":"**","path":"/index.html"}]},"labels":{"deployment-tool":"cli-firebase"},"createTime":"2022-05-29T18:54:18.879936Z","createUser":{"email":"azirulislam27@gmail.com","imageUrl":"https://lh3.googleusercontent.com/a-/AOh14GiYiVMuRAaPrlicU_ctLdANXargTl7cqfsnQeQ3"},"finalizeTime":"2022-05-29T18:54:33.411975Z","finalizeUser":{"email":"azirulislam27@gmail.com","imageUrl":"https://lh3.googleusercontent.com/a-/AOh14GiYiVMuRAaPrlicU_ctLdANXargTl7cqfsnQeQ3"}},"type":"DEPLOY","releaseTime":"2022-05-29T18:54:34.925432501Z","releaseUser":{"email":"azirulislam27@gmail.com","imageUrl":"https://lh3.googleusercontent.com/a-/AOh14GiYiVMuRAaPrlicU_ctLdANXargTl7cqfsnQeQ3"}}
[info] +  hosting[your-doctor-e38b1]: release complete 
